adm
admin
administrator
alarm
ansible
apache
app
appuser
baikal
bigdata
bot
centos
chia
cirros
cli
contador
data
debian
demo
deploy
dev
developer
docker
dolphinscheduler
duni
elastic
elasticsearch
elsearch
es
esadmin
esroot
esuser
ethos
flink
from
ftp
ftpuser
ftpuser
git
guest
hadoop
hduser
hive
jenkins
joplin
lighthouse
mcserver
mine
minecraft
miner
mongo
mongodb
mysql
nagios
nexus
nginx
oracle
oscar
oxidized
pensive
pi
postgres
rabbitmq
rancher
ranger
root
rudder
rustserver
sa
service
sonar
steam
support
svnuser
test
test1
test2
testuser
tom
tomcat
tools
TQSNN
ts
ts3
ts3server
ubnt
ubuntu
uftp
user
user1
usuario
vagrant
volumio
wang
weblogic
wordpress
worker
wpuser
www
xbmc
YABIK
yarn
zabbix